#
# There is insufficient memory for the Java Runtime Environment to continue.
# Native memory allocation (mmap) failed to map 130023424 bytes. Error detail: G1 virtual space
# Possible reasons:
#   The system is out of physical RAM or swap space
#   This process is running with CompressedOops enabled, and the Java Heap may be blocking the growth of the native heap
# Possible solutions:
#   Reduce memory load on the system
#   Increase physical memory or swap space
#   Check if swap backing store is full
#   Decrease Java heap size (-Xmx/-Xms)
#   Decrease number of Java threads
#   Decrease Java thread stack sizes (-Xss)
#   Set larger code cache with -XX:ReservedCodeCacheSize=
#   JVM is running with Unscaled Compressed Oops mode in which the Java heap is
#     placed in the first 4GB address space. The Java Heap base address is the
#     maximum limit for the native heap growth. Please use -XX:HeapBaseMinAddress
#     to set the Java Heap base and to place the Java Heap above 4GB virtual address.
# This output file may be truncated or incomplete.
#
#  Out of Memory Error (os_windows.cpp:3707), pid=9352, tid=16024
#
# JRE version:  (23.0.2+7) (build )
# Java VM: Java HotSpot(TM) 64-Bit Server VM (23.0.2+7-58, mixed mode, sharing, tiered, compressed oops, compressed class ptrs, g1 gc, windows-amd64)
# No core dump will be written. Minidumps are not enabled by default on client versions of Windows
#

---------------  S U M M A R Y ------------

Command Line: -Dfile.encoding=UTF-8 --enable-preview --module-path=C:\Users\acer\OneDrive\Desktop\SEMESTER 3\PraktikumVisual\Project\build\classes Project.Gaji

Host: 12th Gen Intel(R) Core(TM) i5-1235U, 12 cores, 7G,  Windows 11 , 64 bit Build 26100 (10.0.26100.7309)
Time: Wed Dec 24 23:29:56 2025 SE Asia Standard Time elapsed time: 1.046801 seconds (0d 0h 0m 1s)

---------------  T H R E A D  ---------------

Current thread (0x0000026a4ac5d590):  JavaThread "Unknown thread" [_thread_in_vm, id=16024, stack(0x000000ef1f100000,0x000000ef1f200000) (1024K)]

Stack: [0x000000ef1f100000,0x000000ef1f200000]
Native frames: (J=compiled Java code, j=interpreted, Vv=VM code, C=native code)
V  [jvm.dll+0x6e0b99]  (no source info available)
V  [jvm.dll+0x87e2b3]  (no source info available)
V  [jvm.dll+0x88073e]  (no source info available)
V  [jvm.dll+0x880e13]  (no source info available)
V  [jvm.dll+0x27b006]  (no source info available)
V  [jvm.dll+0x6dd485]  (no source info available)
V  [jvm.dll+0x6d127a]  (no source info available)
V  [jvm.dll+0x35b50a]  (no source info available)
V  [jvm.dll+0x363916]  (no source info available)
V  [jvm.dll+0x34fe7e]  (no source info available)
V  [jvm.dll+0x350118]  (no source info available)
V  [jvm.dll+0x328aec]  (no source info available)
V  [jvm.dll+0x32978e]  (no source info available)
V  [jvm.dll+0x8449a5]  (no source info available)
V  [jvm.dll+0x3b9a08]  (no source info available)
V  [jvm.dll+0x82d68c]  (no source info available)
V  [jvm.dll+0x454f2e]  (no source info available)
V  [jvm.dll+0x456db1]  (no source info available)
C  [jli.dll+0x52a3]  (no source info available)
C  [ucrtbase.dll+0x37b0]  (no source info available)
C  [KERNEL32.DLL+0x2e8d7]  (no source info available)
C  [ntdll.dll+0x8c53c]  (no source info available)

Lock stack of current Java thread (top to bottom):


---------------  P R O C E S S  ---------------

Threads class SMR info:
_java_thread_list=0x00007ff884cb4618, length=0, elements={
}

Java Threads: ( => current thread )
Total: 0

Other Threads:
  0x0000026a4b14d500 WorkerThread "GC Thread#0"                     [id=1412, stack(0x000000ef1f200000,0x000000ef1f300000) (1024K)]
  0x0000026a4b1639e0 ConcurrentGCThread "G1 Main Marker"            [id=10556, stack(0x000000ef1f300000,0x000000ef1f400000) (1024K)]
  0x0000026a4b1644f0 WorkerThread "G1 Conc#0"                       [id=9584, stack(0x000000ef1f400000,0x000000ef1f500000) (1024K)]

[error occurred during error reporting (printing all threads), id 0xc0000005, EXCEPTION_ACCESS_VIOLATION (0xc0000005) at pc=0x00007ff8843fc0da]
VM state: not at safepoint (not fully initialized)

VM Mutex/Monitor currently owned by a thread:  ([mutex/lock_event])
[0x00007ff884d34988] Heap_lock - owner thread: 0x0000026a4ac5d590

Heap address: 0x0000000084400000, size: 1980 MB, Compressed Oops mode: 32-bit

CDS archive(s) mapped at: [0x0000000000000000-0x0000000000000000-0x0000000000000000), size 0, SharedBaseAddress: 0x0000000800000000, ArchiveRelocationMode: 1.
Narrow klass base: 0x0000000000000000, Narrow klass shift: 0, Narrow klass range: 0x0

GC Precious Log:
 CardTable entry size: 512
 Card Set container configuration: InlinePtr #cards 5 size 8 Array Of Cards #cards 10 size 36 Howl #buckets 4 coarsen threshold 1843 Howl Bitmap #cards 512 size 80 coarsen threshold 460 Card regions per heap region 1 cards per card region 2048

Heap:
 garbage-first heap   total reserved 2027520K, committed 0K, used 0K [0x0000000084400000, 0x0000000100000000)
  region size 1024K, 0 young (0K), 0 survivors (0K)

[error occurred during error reporting (printing heap information), id 0xc0000005, EXCEPTION_ACCESS_VIOLATION (0xc0000005) at pc=0x00007ff8847fc6a9]
GC Heap History (0 events):
No events

Dll operation events (1 events):
Event: 0.011 Loaded shared library C:\Program Files\Java\jdk-23\bin\java.dll

Deoptimization events (0 events):
No events

Classes loaded (0 events):
No events

Classes unloaded (0 events):
No events

Classes redefined (0 events):
No events

Internal exceptions (0 events):
No events

VM Operations (0 events):
No events

Memory protections (0 events):
No events

Nmethod flushes (0 events):
No events

Events (0 events):
No events


Dynamic libraries:
0x00007ff6e0410000 - 0x00007ff6e0420000 	C:\Program Files\Java\jdk-23\bin\java.exe
0x00007ff8f4f40000 - 0x00007ff8f51a7000 	C:\WINDOWS\SYSTEM32\ntdll.dll
0x00007ff8f4040000 - 0x00007ff8f4109000 	C:\WINDOWS\System32\KERNEL32.DLL
0x00007ff8f26d0000 - 0x00007ff8f2abf000 	C:\WINDOWS\System32\KERNELBASE.dll
0x00007ff8f24d0000 - 0x00007ff8f261b000 	C:\WINDOWS\System32\ucrtbase.dll
0x00007ff8dd890000 - 0x00007ff8dd8a7000 	C:\Program Files\Java\jdk-23\bin\jli.dll
0x00007ff8ec980000 - 0x00007ff8ec99b000 	C:\Program Files\Java\jdk-23\bin\VCRUNTIME140.dll
0x00007ff8f4140000 - 0x00007ff8f4305000 	C:\WINDOWS\System32\USER32.dll
0x00007ff8da210000 - 0x00007ff8da4a3000 	C:\WINDOWS\WinSxS\amd64_microsoft.windows.common-controls_6595b64144ccf1df_6.0.26100.7309_none_3e05feeae336a044\COMCTL32.dll
0x00007ff8f2cb0000 - 0x00007ff8f2cd7000 	C:\WINDOWS\System32\win32u.dll
0x00007ff8f3060000 - 0x00007ff8f3109000 	C:\WINDOWS\System32\msvcrt.dll
0x00007ff8f4110000 - 0x00007ff8f413b000 	C:\WINDOWS\System32\GDI32.dll
0x00007ff8f2b80000 - 0x00007ff8f2cac000 	C:\WINDOWS\System32\gdi32full.dll
0x00007ff8f2ad0000 - 0x00007ff8f2b73000 	C:\WINDOWS\System32\msvcp_win.dll
0x00007ff8f2ce0000 - 0x00007ff8f2d11000 	C:\WINDOWS\System32\IMM32.DLL
0x00007ff8e71c0000 - 0x00007ff8e71cc000 	C:\Program Files\Java\jdk-23\bin\vcruntime140_1.dll
0x00007ff8bb550000 - 0x00007ff8bb5de000 	C:\Program Files\Java\jdk-23\bin\msvcp140.dll
0x00007ff8840c0000 - 0x00007ff884e10000 	C:\Program Files\Java\jdk-23\bin\server\jvm.dll
0x00007ff8f3980000 - 0x00007ff8f3a34000 	C:\WINDOWS\System32\ADVAPI32.dll
0x00007ff8f4c60000 - 0x00007ff8f4d06000 	C:\WINDOWS\System32\sechost.dll
0x00007ff8f4ad0000 - 0x00007ff8f4be8000 	C:\WINDOWS\System32\RPCRT4.dll
0x00007ff8f4310000 - 0x00007ff8f4384000 	C:\WINDOWS\System32\WS2_32.dll
0x00007ff8f1ef0000 - 0x00007ff8f1f4e000 	C:\WINDOWS\SYSTEM32\POWRPROF.dll
0x00007ff8dbb20000 - 0x00007ff8dbb2b000 	C:\WINDOWS\SYSTEM32\VERSION.dll
0x00007ff8e7d50000 - 0x00007ff8e7d85000 	C:\WINDOWS\SYSTEM32\WINMM.dll
0x00007ff8f1ed0000 - 0x00007ff8f1ee4000 	C:\WINDOWS\SYSTEM32\UMPDC.dll
0x00007ff8f0e40000 - 0x00007ff8f0e5b000 	C:\WINDOWS\SYSTEM32\kernel.appcore.dll
0x00007ff8e7070000 - 0x00007ff8e707a000 	C:\Program Files\Java\jdk-23\bin\jimage.dll
0x00007ff8ef7a0000 - 0x00007ff8ef9e2000 	C:\WINDOWS\SYSTEM32\DBGHELP.DLL
0x00007ff8f3cb0000 - 0x00007ff8f4035000 	C:\WINDOWS\System32\combase.dll
0x00007ff8f3a40000 - 0x00007ff8f3b16000 	C:\WINDOWS\System32\OLEAUT32.dll
0x00007ff8dbb50000 - 0x00007ff8dbb8c000 	C:\WINDOWS\SYSTEM32\dbgcore.DLL
0x00007ff8f2620000 - 0x00007ff8f26c5000 	C:\WINDOWS\System32\bcryptPrimitives.dll
0x00007ff8e0380000 - 0x00007ff8e039e000 	C:\Program Files\Java\jdk-23\bin\java.dll
0x00007ff8f2d80000 - 0x00007ff8f2f17000 	C:\WINDOWS\System32\ole32.dll
0x00007ff8f3210000 - 0x00007ff8f3963000 	C:\WINDOWS\System32\SHELL32.dll
0x00007ff8f21e0000 - 0x00007ff8f234a000 	C:\WINDOWS\System32\wintypes.dll

dbghelp: loaded successfully - version: 4.0.5 - missing functions: none
symbol engine: initialized successfully - sym options: 0x614 - pdb path: .;C:\Program Files\Java\jdk-23\bin;C:\WINDOWS\SYSTEM32;C:\WINDOWS\WinSxS\amd64_microsoft.windows.common-controls_6595b64144ccf1df_6.0.26100.7309_none_3e05feeae336a044;C:\Program Files\Java\jdk-23\bin\server

VM Arguments:
jvm_args: -Dfile.encoding=UTF-8 --enable-preview --module-path=C:\Users\acer\OneDrive\Desktop\SEMESTER 3\PraktikumVisual\Project\build\classes 
java_command: Project.Gaji
java_class_path (initial): C:\Program Files\NetBeans-24\netbeans\java\modules\ext\AbsoluteLayout.jar;C:\Users\acer\OneDrive\Desktop\SEMESTER 3\PROGRAMAN VISUAL\mysql connector\mysql-connector-j-9.4.0.jar;C:\Users\acer\OneDrive\Desktop\SEMESTER 3\PraktikumVisual\Project\build\classes
Launcher Type: SUN_STANDARD

[Global flags]
     intx CICompilerCount                          = 4                                         {product} {ergonomic}
     uint ConcGCThreads                            = 3                                         {product} {ergonomic}
     uint G1ConcRefinementThreads                  = 10                                        {product} {ergonomic}
   size_t G1HeapRegionSize                         = 1048576                                   {product} {ergonomic}
   size_t InitialHeapSize                          = 130023424                                 {product} {ergonomic}
   size_t MarkStackSize                            = 4194304                                   {product} {ergonomic}
   size_t MarkStackSizeMax                         = 536870912                                 {product} {ergonomic}
   size_t MaxHeapSize                              = 2076180480                                {product} {ergonomic}
   size_t MinHeapDeltaBytes                        = 1048576                                   {product} {ergonomic}
   size_t MinHeapSize                              = 8388608                                   {product} {ergonomic}
    uintx NonNMethodCodeHeapSize                   = 5832704                                {pd product} {ergonomic}
    uintx NonProfiledCodeHeapSize                  = 122945536                              {pd product} {ergonomic}
    uintx ProfiledCodeHeapSize                     = 122880000                              {pd product} {ergonomic}
    uintx ReservedCodeCacheSize                    = 251658240                              {pd product} {ergonomic}
     bool SegmentedCodeCache                       = true                                      {product} {ergonomic}
   size_t SoftMaxHeapSize                          = 2076180480                             {manageable} {ergonomic}
     bool UseCompressedOops                        = true                           {product lp64_product} {ergonomic}
     bool UseG1GC                                  = true                                      {product} {ergonomic}
     bool UseLargePagesIndividualAllocation        = false                                  {pd product} {ergonomic}

Logging:
Log output configuration:
 #0: stdout all=warning uptime,level,tags foldmultilines=false
 #1: stderr all=off uptime,level,tags foldmultilines=false

Environment Variables:
PATH=C:\Program Files\Common Files\Oracle\Java\javapath;C:\Program Files\Python311\Scripts\;C:\Program Files\Python311\;C:\WINDOWS\system32;C:\WINDOWS;C:\WINDOWS\System32\Wbem;C:\WINDOWS\System32\WindowsPowerShell\v1.0\;C:\WINDOWS\System32\OpenSSH\;C:\Python311\;C:\MinGW\bin;C:\Program Files\dotnet\;C:\Program Files\Git\cmd;C:\Users\acer\AppData\Local\Microsoft\WindowsApps;C:\Users\acer\AppData\Local\Programs\Microsoft VS Code\bin;C:\Users\acer\Downloads\flutter;C:\Users\acer\OneDrive\Desktop\belajar flutter\flutter\bin;C:\Users\acer\AppData\Local\Android\Sdk\platform-tools;C:\src\flutter\bin;
USERNAME=iann
OS=Windows_NT
PROCESSOR_IDENTIFIER=Intel64 Family 6 Model 154 Stepping 4, GenuineIntel
TMP=C:\Users\acer\AppData\Local\Temp
TEMP=C:\Users\acer\AppData\Local\Temp




Periodic native trim disabled

---------------  S Y S T E M  ---------------

OS:
 Windows 11 , 64 bit Build 26100 (10.0.26100.7309)
OS uptime: 0 days 2:21 hours
Hyper-V role detected

CPU: total 12 (initial active 12) (6 cores per cpu, 2 threads per core) family 6 model 154 stepping 4 microcode 0x429, cx8, cmov, fxsr, ht, mmx, 3dnowpref, sse, sse2, sse3, ssse3, sse4.1, sse4.2, popcnt, lzcnt, tsc, tscinvbit, avx, avx2, aes, erms, clmul, bmi1, bmi2, adx, sha, fma, vzeroupper, clflush, clflushopt, clwb, hv, serialize, rdtscp, rdpid, fsrm, gfni, f16c, cet_ibt, cet_ss
Processor Information for processor 0
  Max Mhz: 1300, Current Mhz: 1300, Mhz Limit: 1300
Processor Information for processor 1
  Max Mhz: 1300, Current Mhz: 1300, Mhz Limit: 1300
Processor Information for processor 2
  Max Mhz: 1300, Current Mhz: 1300, Mhz Limit: 1300
Processor Information for processor 3
  Max Mhz: 1300, Current Mhz: 1300, Mhz Limit: 1300
Processor Information for processor 4
  Max Mhz: 1300, Current Mhz: 900, Mhz Limit: 897
Processor Information for processor 5
  Max Mhz: 1300, Current Mhz: 900, Mhz Limit: 897
Processor Information for processor 6
  Max Mhz: 1300, Current Mhz: 900, Mhz Limit: 897
Processor Information for processor 7
  Max Mhz: 1300, Current Mhz: 900, Mhz Limit: 897
Processor Information for processor 8
  Max Mhz: 1300, Current Mhz: 900, Mhz Limit: 897
Processor Information for processor 9
  Max Mhz: 1300, Current Mhz: 900, Mhz Limit: 897
Processor Information for processor 10
  Max Mhz: 1300, Current Mhz: 900, Mhz Limit: 897
Processor Information for processor 11
  Max Mhz: 1300, Current Mhz: 900, Mhz Limit: 897

Memory: 4k page, system-wide physical 7916M (1062M free)
TotalPageFile size 16108M (AvailPageFile size 101M)
current process WorkingSet (physical memory assigned to process): 13M, peak: 13M
current process commit charge ("private bytes"): 64M, peak: 188M

vm_info: Java HotSpot(TM) 64-Bit Server VM (23.0.2+7-58) for windows-amd64 JRE (23.0.2+7-58), built on 2024-11-29T09:34:55Z with MS VC++ 17.6 (VS2022)

END.
