#
# There is insufficient memory for the Java Runtime Environment to continue.
# Native memory allocation (malloc) failed to allocate 883536 bytes. Error detail: Chunk::new
# Possible reasons:
#   The system is out of physical RAM or swap space
#   This process is running with CompressedOops enabled, and the Java Heap may be blocking the growth of the native heap
# Possible solutions:
#   Reduce memory load on the system
#   Increase physical memory or swap space
#   Check if swap backing store is full
#   Decrease Java heap size (-Xmx/-Xms)
#   Decrease number of Java threads
#   Decrease Java thread stack sizes (-Xss)
#   Set larger code cache with -XX:ReservedCodeCacheSize=
#   JVM is running with Unscaled Compressed Oops mode in which the Java heap is
#     placed in the first 4GB address space. The Java Heap base address is the
#     maximum limit for the native heap growth. Please use -XX:HeapBaseMinAddress
#     to set the Java Heap base and to place the Java Heap above 4GB virtual address.
# This output file may be truncated or incomplete.
#
#  Out of Memory Error (arena.cpp:149), pid=1220, tid=14972
#
# JRE version: Java(TM) SE Runtime Environment (23.0.2+7) (build 23.0.2+7-58)
# Java VM: Java HotSpot(TM) 64-Bit Server VM (23.0.2+7-58, mixed mode, sharing, tiered, compressed oops, compressed class ptrs, g1 gc, windows-amd64)
# No core dump will be written. Minidumps are not enabled by default on client versions of Windows
#

---------------  S U M M A R Y ------------

Command Line: -Dfile.encoding=UTF-8 --enable-preview --module-path=C:\Users\acer\OneDrive\Desktop\SEMESTER 3\PraktikumVisual\Project\build\classes Project.Gaji

Host: 12th Gen Intel(R) Core(TM) i5-1235U, 12 cores, 7G,  Windows 11 , 64 bit Build 26100 (10.0.26100.7309)
Time: Wed Dec 24 22:41:03 2025 SE Asia Standard Time elapsed time: 46.135942 seconds (0d 0h 0m 46s)

---------------  T H R E A D  ---------------

Current thread (0x000001c55402c800):  JavaThread "C2 CompilerThread0" daemon [_thread_in_native, id=14972, stack(0x000000be16900000,0x000000be16a00000) (1024K)]


Current CompileTask:
C2:46136 2863       4       javax.swing.plaf.nimbus.NimbusStyle::validate (1151 bytes)

Stack: [0x000000be16900000,0x000000be16a00000]
Native frames: (J=compiled Java code, j=interpreted, Vv=VM code, C=native code)
V  [jvm.dll+0x6e0b99]  (no source info available)
V  [jvm.dll+0x87e2b3]  (no source info available)
V  [jvm.dll+0x88073e]  (no source info available)
V  [jvm.dll+0x880e13]  (no source info available)
V  [jvm.dll+0x27b006]  (no source info available)
V  [jvm.dll+0xbc06f]  (no source info available)
V  [jvm.dll+0xbc2cb]  (no source info available)
V  [jvm.dll+0x3b3c5c]  (no source info available)
V  [jvm.dll+0x1dc2ac]  (no source info available)
V  [jvm.dll+0x244ce5]  (no source info available)
V  [jvm.dll+0x243eff]  (no source info available)
V  [jvm.dll+0x1c34b0]  (no source info available)
V  [jvm.dll+0x253df1]  (no source info available)
V  [jvm.dll+0x2520aa]  (no source info available)
V  [jvm.dll+0x3ee226]  (no source info available)
V  [jvm.dll+0x8254cb]  (no source info available)
V  [jvm.dll+0x6df345]  (no source info available)
C  [ucrtbase.dll+0x37b0]  (no source info available)
C  [KERNEL32.DLL+0x2e8d7]  (no source info available)
C  [ntdll.dll+0x8c53c]  (no source info available)

Lock stack of current Java thread (top to bottom):


---------------  P R O C E S S  ---------------

Threads class SMR info:
_java_thread_list=0x000001c5546b26a0, length=17, elements={
0x000001c57917b610, 0x000001c57917c7f0, 0x000001c57917d9d0, 0x000001c57917e2c0,
0x000001c55401aad0, 0x000001c55401bcb0, 0x000001c55402c800, 0x000001c55404ced0,
0x000001c554153740, 0x000001c5541fa740, 0x000001c554586fc0, 0x000001c554588e50,
0x000001c5543f19e0, 0x000001c5546ce300, 0x000001c568e8ea60, 0x000001c554a086e0,
0x000001c556092270
}
_to_delete_list=0x000001c554861d50, length=18, elements={
0x000001c57917b610, 0x000001c57917c7f0, 0x000001c57917d9d0, 0x000001c57917e2c0,
0x000001c55401aad0, 0x000001c55401bcb0, 0x000001c55402c800, 0x000001c55404ced0,
0x000001c554153740, 0x000001c5541fa740, 0x000001c554586fc0, 0x000001c554588e50,
0x000001c5543f19e0, 0x000001c5546ce300, 0x000001c568e8ea60, 0x000001c554a086e0,
0x000001c556092270, 0x000001c5546b1f00
}

Java Threads: ( => current thread )
  0x000001c57917b610 JavaThread "Reference Handler"          daemon [_thread_blocked, id=1432, stack(0x000000be16300000,0x000000be16400000) (1024K)]
  0x000001c57917c7f0 JavaThread "Finalizer"                  daemon [_thread_blocked, id=12268, stack(0x000000be16400000,0x000000be16500000) (1024K)]
  0x000001c57917d9d0 JavaThread "Signal Dispatcher"          daemon [_thread_blocked, id=10576, stack(0x000000be16500000,0x000000be16600000) (1024K)]
  0x000001c57917e2c0 JavaThread "Attach Listener"            daemon [_thread_blocked, id=1808, stack(0x000000be16600000,0x000000be16700000) (1024K)]
  0x000001c55401aad0 JavaThread "Service Thread"             daemon [_thread_blocked, id=12828, stack(0x000000be16700000,0x000000be16800000) (1024K)]
  0x000001c55401bcb0 JavaThread "Monitor Deflation Thread"   daemon [_thread_blocked, id=2980, stack(0x000000be16800000,0x000000be16900000) (1024K)]
=>0x000001c55402c800 JavaThread "C2 CompilerThread0"         daemon [_thread_in_native, id=14972, stack(0x000000be16900000,0x000000be16a00000) (1024K)]
  0x000001c55404ced0 JavaThread "C1 CompilerThread0"         daemon [_thread_blocked, id=8092, stack(0x000000be16a00000,0x000000be16b00000) (1024K)]
  0x000001c554153740 JavaThread "Common-Cleaner"             daemon [_thread_blocked, id=16000, stack(0x000000be16b00000,0x000000be16c00000) (1024K)]
  0x000001c5541fa740 JavaThread "Notification Thread"        daemon [_thread_blocked, id=10984, stack(0x000000be16c00000,0x000000be16d00000) (1024K)]
  0x000001c554586fc0 JavaThread "Java2D Disposer"            daemon [_thread_blocked, id=10552, stack(0x000000be16d00000,0x000000be16e00000) (1024K)]
  0x000001c554588e50 JavaThread "AWT-Shutdown"                      [_thread_blocked, id=16804, stack(0x000000be16e00000,0x000000be16f00000) (1024K)]
  0x000001c5543f19e0 JavaThread "AWT-Windows"                daemon [_thread_in_native, id=10492, stack(0x000000be16f00000,0x000000be17000000) (1024K)]
  0x000001c5546ce300 JavaThread "AWT-EventQueue-0"                  [_thread_blocked, id=2440, stack(0x000000be17000000,0x000000be17100000) (1024K)]
  0x000001c568e8ea60 JavaThread "DestroyJavaVM"                     [_thread_blocked, id=2584, stack(0x000000be15b00000,0x000000be15c00000) (1024K)]
  0x000001c554a086e0 JavaThread "mysql-cj-abandoned-connection-cleanup" daemon [_thread_blocked, id=4056, stack(0x000000be17400000,0x000000be17500000) (1024K)]
  0x000001c556092270 JavaThread "TimerQueue"                 daemon [_thread_blocked, id=3664, stack(0x000000be17500000,0x000000be17600000) (1024K)]
Total: 17

Other Threads:
  0x000001c579166420 VMThread "VM Thread"                           [id=4892, stack(0x000000be16200000,0x000000be16300000) (1024K)]
  0x000001c579150740 WatcherThread "VM Periodic Task Thread"        [id=8400, stack(0x000000be16100000,0x000000be16200000) (1024K)]
  0x000001c56b2fbe60 WorkerThread "GC Thread#0"                     [id=9132, stack(0x000000be15c00000,0x000000be15d00000) (1024K)]
  0x000001c55465c9d0 WorkerThread "GC Thread#1"                     [id=10844, stack(0x000000be17600000,0x000000be17700000) (1024K)]
  0x000001c55465cd80 WorkerThread "GC Thread#2"                     [id=14268, stack(0x000000be17700000,0x000000be17800000) (1024K)]
  0x000001c55465d130 WorkerThread "GC Thread#3"                     [id=14216, stack(0x000000be17800000,0x000000be17900000) (1024K)]
  0x000001c5549945a0 WorkerThread "GC Thread#4"                     [id=5712, stack(0x000000be17900000,0x000000be17a00000) (1024K)]
  0x000001c554994950 WorkerThread "GC Thread#5"                     [id=17000, stack(0x000000be17a00000,0x000000be17b00000) (1024K)]
  0x000001c554737dd0 WorkerThread "GC Thread#6"                     [id=13416, stack(0x000000be17b00000,0x000000be17c00000) (1024K)]
  0x000001c554a1e630 WorkerThread "GC Thread#7"                     [id=10532, stack(0x000000be17c00000,0x000000be17d00000) (1024K)]
  0x000001c555feb9a0 WorkerThread "GC Thread#8"                     [id=4884, stack(0x000000be17d00000,0x000000be17e00000) (1024K)]
  0x000001c555febd50 WorkerThread "GC Thread#9"                     [id=12520, stack(0x000000be17e00000,0x000000be17f00000) (1024K)]
  0x000001c56b32a770 ConcurrentGCThread "G1 Main Marker"            [id=2428, stack(0x000000be15d00000,0x000000be15e00000) (1024K)]
  0x000001c56b32c8d0 WorkerThread "G1 Conc#0"                       [id=6884, stack(0x000000be15e00000,0x000000be15f00000) (1024K)]
  0x000001c57901d100 ConcurrentGCThread "G1 Refine#0"               [id=7280, stack(0x000000be15f00000,0x000000be16000000) (1024K)]
  0x000001c57901f550 ConcurrentGCThread "G1 Service"                [id=16660, stack(0x000000be16000000,0x000000be16100000) (1024K)]
Total: 16

Threads with active compile tasks:
C2 CompilerThread0  48267 2863       4       javax.swing.plaf.nimbus.NimbusStyle::validate (1151 bytes)
Total: 1

VM state: not at safepoint (normal execution)

VM Mutex/Monitor currently owned by a thread: None

Heap address: 0x0000000084400000, size: 1980 MB, Compressed Oops mode: 32-bit

CDS archive(s) mapped at: [0x000001c50f000000-0x000001c50fd70000-0x000001c50fd70000), size 14090240, SharedBaseAddress: 0x000001c50f000000, ArchiveRelocationMode: 1.
Compressed class space mapped at: 0x000001c510000000-0x000001c550000000, reserved size: 1073741824
Narrow klass base: 0x000001c50f000000, Narrow klass shift: 0, Narrow klass range: 0x41000000

GC Precious Log:
 CardTable entry size: 512
 Card Set container configuration: InlinePtr #cards 5 size 8 Array Of Cards #cards 10 size 36 Howl #buckets 4 coarsen threshold 1843 Howl Bitmap #cards 512 size 80 coarsen threshold 460 Card regions per heap region 1 cards per card region 2048
 CPUs: 12 total, 12 available
 Memory: 7916M
 Large Page Support: Disabled
 NUMA Support: Disabled
 Compressed Oops: Enabled (32-bit)
 Heap Region Size: 1M
 Heap Min Capacity: 8M
 Heap Initial Capacity: 124M
 Heap Max Capacity: 1980M
 Pre-touch: Disabled
 Parallel Workers: 10
 Concurrent Workers: 3
 Concurrent Refinement Workers: 10
 Periodic GC: Disabled

Heap:
 garbage-first heap   total reserved 2027520K, committed 126976K, used 19966K [0x0000000084400000, 0x0000000100000000)
  region size 1024K, 16 young (16384K), 3 survivors (3072K)
 Metaspace       used 16988K, committed 17216K, reserved 1114112K
  class space    used 1885K, committed 1984K, reserved 1048576K

Heap Regions: E=young(eden), S=young(survivor), O=old, HS=humongous(starts), HC=humongous(continues), CS=collection set, F=free, TAMS=top-at-mark-start, PB=parsable bottom
|   0|0x0000000084400000, 0x0000000084500000, 0x0000000084500000|100%|HS|  |TAMS 0x0000000084400000| PB 0x0000000084400000| Complete |  0
|   1|0x0000000084500000, 0x0000000084600000, 0x0000000084600000|100%|HC|  |TAMS 0x0000000084500000| PB 0x0000000084500000| Complete |  0
|   2|0x0000000084600000, 0x0000000084700000, 0x0000000084700000|100%| O|  |TAMS 0x0000000084600000| PB 0x0000000084600000| Untracked |  0
|   3|0x0000000084700000, 0x0000000084800000, 0x0000000084800000|100%| O|  |TAMS 0x0000000084700000| PB 0x0000000084700000| Untracked |  0
|   4|0x0000000084800000, 0x000000008487f9f0, 0x0000000084900000| 49%| O|  |TAMS 0x0000000084800000| PB 0x0000000084800000| Untracked |  0
|   5|0x0000000084900000, 0x0000000084900000, 0x0000000084a00000|  0%| F|  |TAMS 0x0000000084900000| PB 0x0000000084900000| Untracked |  0
|   6|0x0000000084a00000, 0x0000000084a00000, 0x0000000084b00000|  0%| F|  |TAMS 0x0000000084a00000| PB 0x0000000084a00000| Untracked |  0
|   7|0x0000000084b00000, 0x0000000084b00000, 0x0000000084c00000|  0%| F|  |TAMS 0x0000000084b00000| PB 0x0000000084b00000| Untracked |  0
|   8|0x0000000084c00000, 0x0000000084c00000, 0x0000000084d00000|  0%| F|  |TAMS 0x0000000084c00000| PB 0x0000000084c00000| Untracked |  0
|   9|0x0000000084d00000, 0x0000000084d00000, 0x0000000084e00000|  0%| F|  |TAMS 0x0000000084d00000| PB 0x0000000084d00000| Untracked |  0
|  10|0x0000000084e00000, 0x0000000084e00000, 0x0000000084f00000|  0%| F|  |TAMS 0x0000000084e00000| PB 0x0000000084e00000| Untracked |  0
|  11|0x0000000084f00000, 0x0000000084f00000, 0x0000000085000000|  0%| F|  |TAMS 0x0000000084f00000| PB 0x0000000084f00000| Untracked |  0
|  12|0x0000000085000000, 0x0000000085000000, 0x0000000085100000|  0%| F|  |TAMS 0x0000000085000000| PB 0x0000000085000000| Untracked |  0
|  13|0x0000000085100000, 0x0000000085100000, 0x0000000085200000|  0%| F|  |TAMS 0x0000000085100000| PB 0x0000000085100000| Untracked |  0
|  14|0x0000000085200000, 0x0000000085200000, 0x0000000085300000|  0%| F|  |TAMS 0x0000000085200000| PB 0x0000000085200000| Untracked |  0
|  15|0x0000000085300000, 0x0000000085300000, 0x0000000085400000|  0%| F|  |TAMS 0x0000000085300000| PB 0x0000000085300000| Untracked |  0
|  16|0x0000000085400000, 0x0000000085400000, 0x0000000085500000|  0%| F|  |TAMS 0x0000000085400000| PB 0x0000000085400000| Untracked |  0
|  17|0x0000000085500000, 0x0000000085500000, 0x0000000085600000|  0%| F|  |TAMS 0x0000000085500000| PB 0x0000000085500000| Untracked |  0
|  18|0x0000000085600000, 0x0000000085600000, 0x0000000085700000|  0%| F|  |TAMS 0x0000000085600000| PB 0x0000000085600000| Untracked |  0
|  19|0x0000000085700000, 0x0000000085700000, 0x0000000085800000|  0%| F|  |TAMS 0x0000000085700000| PB 0x0000000085700000| Untracked |  0
|  20|0x0000000085800000, 0x0000000085800000, 0x0000000085900000|  0%| F|  |TAMS 0x0000000085800000| PB 0x0000000085800000| Untracked |  0
|  21|0x0000000085900000, 0x0000000085900000, 0x0000000085a00000|  0%| F|  |TAMS 0x0000000085900000| PB 0x0000000085900000| Untracked |  0
|  22|0x0000000085a00000, 0x0000000085a00000, 0x0000000085b00000|  0%| F|  |TAMS 0x0000000085a00000| PB 0x0000000085a00000| Untracked |  0
|  23|0x0000000085b00000, 0x0000000085b00000, 0x0000000085c00000|  0%| F|  |TAMS 0x0000000085b00000| PB 0x0000000085b00000| Untracked |  0
|  24|0x0000000085c00000, 0x0000000085c00000, 0x0000000085d00000|  0%| F|  |TAMS 0x0000000085c00000| PB 0x0000000085c00000| Untracked |  0
|  25|0x0000000085d00000, 0x0000000085d00000, 0x0000000085e00000|  0%| F|  |TAMS 0x0000000085d00000| PB 0x0000000085d00000| Untracked |  0
|  26|0x0000000085e00000, 0x0000000085e00000, 0x0000000085f00000|  0%| F|  |TAMS 0x0000000085e00000| PB 0x0000000085e00000| Untracked |  0
|  27|0x0000000085f00000, 0x0000000085f00000, 0x0000000086000000|  0%| F|  |TAMS 0x0000000085f00000| PB 0x0000000085f00000| Untracked |  0
|  28|0x0000000086000000, 0x0000000086000000, 0x0000000086100000|  0%| F|  |TAMS 0x0000000086000000| PB 0x0000000086000000| Untracked |  0
|  29|0x0000000086100000, 0x0000000086100000, 0x0000000086200000|  0%| F|  |TAMS 0x0000000086100000| PB 0x0000000086100000| Untracked |  0
|  30|0x0000000086200000, 0x0000000086200000, 0x0000000086300000|  0%| F|  |TAMS 0x0000000086200000| PB 0x0000000086200000| Untracked |  0
|  31|0x0000000086300000, 0x0000000086300000, 0x0000000086400000|  0%| F|  |TAMS 0x0000000086300000| PB 0x0000000086300000| Untracked |  0
|  32|0x0000000086400000, 0x0000000086400000, 0x0000000086500000|  0%| F|  |TAMS 0x0000000086400000| PB 0x0000000086400000| Untracked |  0
|  33|0x0000000086500000, 0x0000000086500000, 0x0000000086600000|  0%| F|  |TAMS 0x0000000086500000| PB 0x0000000086500000| Untracked |  0
|  34|0x0000000086600000, 0x0000000086600000, 0x0000000086700000|  0%| F|  |TAMS 0x0000000086600000| PB 0x0000000086600000| Untracked |  0
|  35|0x0000000086700000, 0x0000000086700000, 0x0000000086800000|  0%| F|  |TAMS 0x0000000086700000| PB 0x0000000086700000| Untracked |  0
|  36|0x0000000086800000, 0x0000000086800000, 0x0000000086900000|  0%| F|  |TAMS 0x0000000086800000| PB 0x0000000086800000| Untracked |  0
|  37|0x0000000086900000, 0x0000000086900000, 0x0000000086a00000|  0%| F|  |TAMS 0x0000000086900000| PB 0x0000000086900000| Untracked |  0
|  38|0x0000000086a00000, 0x0000000086a00000, 0x0000000086b00000|  0%| F|  |TAMS 0x0000000086a00000| PB 0x0000000086a00000| Untracked |  0
|  39|0x0000000086b00000, 0x0000000086b00000, 0x0000000086c00000|  0%| F|  |TAMS 0x0000000086b00000| PB 0x0000000086b00000| Untracked |  0
|  40|0x0000000086c00000, 0x0000000086c00000, 0x0000000086d00000|  0%| F|  |TAMS 0x0000000086c00000| PB 0x0000000086c00000| Untracked |  0
|  41|0x0000000086d00000, 0x0000000086d00000, 0x0000000086e00000|  0%| F|  |TAMS 0x0000000086d00000| PB 0x0000000086d00000| Untracked |  0
|  42|0x0000000086e00000, 0x0000000086e00000, 0x0000000086f00000|  0%| F|  |TAMS 0x0000000086e00000| PB 0x0000000086e00000| Untracked |  0
|  43|0x0000000086f00000, 0x0000000086f00000, 0x0000000087000000|  0%| F|  |TAMS 0x0000000086f00000| PB 0x0000000086f00000| Untracked |  0
|  44|0x0000000087000000, 0x0000000087000000, 0x0000000087100000|  0%| F|  |TAMS 0x0000000087000000| PB 0x0000000087000000| Untracked |  0
|  45|0x0000000087100000, 0x0000000087100000, 0x0000000087200000|  0%| F|  |TAMS 0x0000000087100000| PB 0x0000000087100000| Untracked |  0
|  46|0x0000000087200000, 0x0000000087200000, 0x0000000087300000|  0%| F|  |TAMS 0x0000000087200000| PB 0x0000000087200000| Untracked |  0
|  47|0x0000000087300000, 0x0000000087300000, 0x0000000087400000|  0%| F|  |TAMS 0x0000000087300000| PB 0x0000000087300000| Untracked |  0
|  48|0x0000000087400000, 0x0000000087400000, 0x0000000087500000|  0%| F|  |TAMS 0x0000000087400000| PB 0x0000000087400000| Untracked |  0
|  49|0x0000000087500000, 0x0000000087500000, 0x0000000087600000|  0%| F|  |TAMS 0x0000000087500000| PB 0x0000000087500000| Untracked |  0
|  50|0x0000000087600000, 0x0000000087600000, 0x0000000087700000|  0%| F|  |TAMS 0x0000000087600000| PB 0x0000000087600000| Untracked |  0
|  51|0x0000000087700000, 0x0000000087700000, 0x0000000087800000|  0%| F|  |TAMS 0x0000000087700000| PB 0x0000000087700000| Untracked |  0
|  52|0x0000000087800000, 0x0000000087800000, 0x0000000087900000|  0%| F|  |TAMS 0x0000000087800000| PB 0x0000000087800000| Untracked |  0
|  53|0x0000000087900000, 0x0000000087900000, 0x0000000087a00000|  0%| F|  |TAMS 0x0000000087900000| PB 0x0000000087900000| Untracked |  0
|  54|0x0000000087a00000, 0x0000000087a00000, 0x0000000087b00000|  0%| F|  |TAMS 0x0000000087a00000| PB 0x0000000087a00000| Untracked |  0
|  55|0x0000000087b00000, 0x0000000087b00000, 0x0000000087c00000|  0%| F|  |TAMS 0x0000000087b00000| PB 0x0000000087b00000| Untracked |  0
|  56|0x0000000087c00000, 0x0000000087c00000, 0x0000000087d00000|  0%| F|  |TAMS 0x0000000087c00000| PB 0x0000000087c00000| Untracked |  0
|  57|0x0000000087d00000, 0x0000000087d00000, 0x0000000087e00000|  0%| F|  |TAMS 0x0000000087d00000| PB 0x0000000087d00000| Untracked |  0
|  58|0x0000000087e00000, 0x0000000087e00000, 0x0000000087f00000|  0%| F|  |TAMS 0x0000000087e00000| PB 0x0000000087e00000| Untracked |  0
|  59|0x0000000087f00000, 0x0000000087f00000, 0x0000000088000000|  0%| F|  |TAMS 0x0000000087f00000| PB 0x0000000087f00000| Untracked |  0
|  60|0x0000000088000000, 0x0000000088000000, 0x0000000088100000|  0%| F|  |TAMS 0x0000000088000000| PB 0x0000000088000000| Untracked |  0
|  61|0x0000000088100000, 0x0000000088100000, 0x0000000088200000|  0%| F|  |TAMS 0x0000000088100000| PB 0x0000000088100000| Untracked |  0
|  62|0x0000000088200000, 0x0000000088200000, 0x0000000088300000|  0%| F|  |TAMS 0x0000000088200000| PB 0x0000000088200000| Untracked |  0
|  63|0x0000000088300000, 0x0000000088300000, 0x0000000088400000|  0%| F|  |TAMS 0x0000000088300000| PB 0x0000000088300000| Untracked |  0
|  64|0x0000000088400000, 0x0000000088400000, 0x0000000088500000|  0%| F|  |TAMS 0x0000000088400000| PB 0x0000000088400000| Untracked |  0
|  65|0x0000000088500000, 0x0000000088500000, 0x0000000088600000|  0%| F|  |TAMS 0x0000000088500000| PB 0x0000000088500000| Untracked |  0
|  66|0x0000000088600000, 0x0000000088600000, 0x0000000088700000|  0%| F|  |TAMS 0x0000000088600000| PB 0x0000000088600000| Untracked |  0
|  67|0x0000000088700000, 0x0000000088700000, 0x0000000088800000|  0%| F|  |TAMS 0x0000000088700000| PB 0x0000000088700000| Untracked |  0
|  68|0x0000000088800000, 0x0000000088800000, 0x0000000088900000|  0%| F|  |TAMS 0x0000000088800000| PB 0x0000000088800000| Untracked |  0
|  69|0x0000000088900000, 0x0000000088900000, 0x0000000088a00000|  0%| F|  |TAMS 0x0000000088900000| PB 0x0000000088900000| Untracked |  0
|  70|0x0000000088a00000, 0x0000000088a00000, 0x0000000088b00000|  0%| F|  |TAMS 0x0000000088a00000| PB 0x0000000088a00000| Untracked |  0
|  71|0x0000000088b00000, 0x0000000088b00000, 0x0000000088c00000|  0%| F|  |TAMS 0x0000000088b00000| PB 0x0000000088b00000| Untracked |  0
|  72|0x0000000088c00000, 0x0000000088c00000, 0x0000000088d00000|  0%| F|  |TAMS 0x0000000088c00000| PB 0x0000000088c00000| Untracked |  0
|  73|0x0000000088d00000, 0x0000000088d00000, 0x0000000088e00000|  0%| F|  |TAMS 0x0000000088d00000| PB 0x0000000088d00000| Untracked |  0
|  74|0x0000000088e00000, 0x0000000088e00000, 0x0000000088f00000|  0%| F|  |TAMS 0x0000000088e00000| PB 0x0000000088e00000| Untracked |  0
|  75|0x0000000088f00000, 0x0000000088f00000, 0x0000000089000000|  0%| F|  |TAMS 0x0000000088f00000| PB 0x0000000088f00000| Untracked |  0
|  76|0x0000000089000000, 0x0000000089000000, 0x0000000089100000|  0%| F|  |TAMS 0x0000000089000000| PB 0x0000000089000000| Untracked |  0
|  77|0x0000000089100000, 0x0000000089100000, 0x0000000089200000|  0%| F|  |TAMS 0x0000000089100000| PB 0x0000000089100000| Untracked |  0
|  78|0x0000000089200000, 0x0000000089200000, 0x0000000089300000|  0%| F|  |TAMS 0x0000000089200000| PB 0x0000000089200000| Untracked |  0
|  79|0x0000000089300000, 0x0000000089300000, 0x0000000089400000|  0%| F|  |TAMS 0x0000000089300000| PB 0x0000000089300000| Untracked |  0
|  80|0x0000000089400000, 0x0000000089400000, 0x0000000089500000|  0%| F|  |TAMS 0x0000000089400000| PB 0x0000000089400000| Untracked |  0
|  81|0x0000000089500000, 0x0000000089500000, 0x0000000089600000|  0%| F|  |TAMS 0x0000000089500000| PB 0x0000000089500000| Untracked |  0
|  82|0x0000000089600000, 0x0000000089600000, 0x0000000089700000|  0%| F|  |TAMS 0x0000000089600000| PB 0x0000000089600000| Untracked |  0
|  83|0x0000000089700000, 0x0000000089700000, 0x0000000089800000|  0%| F|  |TAMS 0x0000000089700000| PB 0x0000000089700000| Untracked |  0
|  84|0x0000000089800000, 0x0000000089800000, 0x0000000089900000|  0%| F|  |TAMS 0x0000000089800000| PB 0x0000000089800000| Untracked |  0
|  85|0x0000000089900000, 0x0000000089900000, 0x0000000089a00000|  0%| F|  |TAMS 0x0000000089900000| PB 0x0000000089900000| Untracked |  0
|  86|0x0000000089a00000, 0x0000000089a00000, 0x0000000089b00000|  0%| F|  |TAMS 0x0000000089a00000| PB 0x0000000089a00000| Untracked |  0
|  87|0x0000000089b00000, 0x0000000089b00000, 0x0000000089c00000|  0%| F|  |TAMS 0x0000000089b00000| PB 0x0000000089b00000| Untracked |  0
|  88|0x0000000089c00000, 0x0000000089c00000, 0x0000000089d00000|  0%| F|  |TAMS 0x0000000089c00000| PB 0x0000000089c00000| Untracked |  0
|  89|0x0000000089d00000, 0x0000000089d00000, 0x0000000089e00000|  0%| F|  |TAMS 0x0000000089d00000| PB 0x0000000089d00000| Untracked |  0
|  90|0x0000000089e00000, 0x0000000089e00000, 0x0000000089f00000|  0%| F|  |TAMS 0x0000000089e00000| PB 0x0000000089e00000| Untracked |  0
|  91|0x0000000089f00000, 0x0000000089f00000, 0x000000008a000000|  0%| F|  |TAMS 0x0000000089f00000| PB 0x0000000089f00000| Untracked |  0
|  92|0x000000008a000000, 0x000000008a000000, 0x000000008a100000|  0%| F|  |TAMS 0x000000008a000000| PB 0x000000008a000000| Untracked |  0
|  93|0x000000008a100000, 0x000000008a100000, 0x000000008a200000|  0%| F|  |TAMS 0x000000008a100000| PB 0x000000008a100000| Untracked |  0
|  94|0x000000008a200000, 0x000000008a200000, 0x000000008a300000|  0%| F|  |TAMS 0x000000008a200000| PB 0x000000008a200000| Untracked |  0
|  95|0x000000008a300000, 0x000000008a300000, 0x000000008a400000|  0%| F|  |TAMS 0x000000008a300000| PB 0x000000008a300000| Untracked |  0
|  96|0x000000008a400000, 0x000000008a400000, 0x000000008a500000|  0%| F|  |TAMS 0x000000008a400000| PB 0x000000008a400000| Untracked |  0
|  97|0x000000008a500000, 0x000000008a600000, 0x000000008a600000|100%| S|CS|TAMS 0x000000008a500000| PB 0x000000008a500000| Complete |  0
|  98|0x000000008a600000, 0x000000008a700000, 0x000000008a700000|100%| S|CS|TAMS 0x000000008a600000| PB 0x000000008a600000| Complete |  0
|  99|0x000000008a700000, 0x000000008a800000, 0x000000008a800000|100%| S|CS|TAMS 0x000000008a700000| PB 0x000000008a700000| Complete |  0
| 100|0x000000008a800000, 0x000000008a800000, 0x000000008a900000|  0%| F|  |TAMS 0x000000008a800000| PB 0x000000008a800000| Untracked |  0
| 101|0x000000008a900000, 0x000000008a900000, 0x000000008aa00000|  0%| F|  |TAMS 0x000000008a900000| PB 0x000000008a900000| Untracked |  0
| 102|0x000000008aa00000, 0x000000008aa00000, 0x000000008ab00000|  0%| F|  |TAMS 0x000000008aa00000| PB 0x000000008aa00000| Untracked |  0
| 103|0x000000008ab00000, 0x000000008ab00000, 0x000000008ac00000|  0%| F|  |TAMS 0x000000008ab00000| PB 0x000000008ab00000| Untracked |  0
| 104|0x000000008ac00000, 0x000000008ac00000, 0x000000008ad00000|  0%| F|  |TAMS 0x000000008ac00000| PB 0x000000008ac00000| Untracked |  0
| 105|0x000000008ad00000, 0x000000008ad00000, 0x000000008ae00000|  0%| F|  |TAMS 0x000000008ad00000| PB 0x000000008ad00000| Untracked |  0
| 106|0x000000008ae00000, 0x000000008ae00000, 0x000000008af00000|  0%| F|  |TAMS 0x000000008ae00000| PB 0x000000008ae00000| Untracked |  0
| 107|0x000000008af00000, 0x000000008af00000, 0x000000008b000000|  0%| F|  |TAMS 0x000000008af00000| PB 0x000000008af00000| Untracked |  0
| 108|0x000000008b000000, 0x000000008b000000, 0x000000008b100000|  0%| F|  |TAMS 0x000000008b000000| PB 0x000000008b000000| Untracked |  0
| 109|0x000000008b100000, 0x000000008b100000, 0x000000008b200000|  0%| F|  |TAMS 0x000000008b100000| PB 0x000000008b100000| Untracked |  0
| 110|0x000000008b200000, 0x000000008b200000, 0x000000008b300000|  0%| F|  |TAMS 0x000000008b200000| PB 0x000000008b200000| Untracked |  0
| 111|0x000000008b300000, 0x000000008b400000, 0x000000008b400000|100%| E|  |TAMS 0x000000008b300000| PB 0x000000008b300000| Complete |  0
| 112|0x000000008b400000, 0x000000008b500000, 0x000000008b500000|100%| E|CS|TAMS 0x000000008b400000| PB 0x000000008b400000| Complete |  0
| 113|0x000000008b500000, 0x000000008b600000, 0x000000008b600000|100%| E|CS|TAMS 0x000000008b500000| PB 0x000000008b500000| Complete |  0
| 114|0x000000008b600000, 0x000000008b700000, 0x000000008b700000|100%| E|CS|TAMS 0x000000008b600000| PB 0x000000008b600000| Complete |  0
| 115|0x000000008b700000, 0x000000008b800000, 0x000000008b800000|100%| E|CS|TAMS 0x000000008b700000| PB 0x000000008b700000| Complete |  0
| 116|0x000000008b800000, 0x000000008b900000, 0x000000008b900000|100%| E|CS|TAMS 0x000000008b800000| PB 0x000000008b800000| Complete |  0
| 117|0x000000008b900000, 0x000000008ba00000, 0x000000008ba00000|100%| E|CS|TAMS 0x000000008b900000| PB 0x000000008b900000| Complete |  0
| 118|0x000000008ba00000, 0x000000008bb00000, 0x000000008bb00000|100%| E|CS|TAMS 0x000000008ba00000| PB 0x000000008ba00000| Complete |  0
| 119|0x000000008bb00000, 0x000000008bc00000, 0x000000008bc00000|100%| E|CS|TAMS 0x000000008bb00000| PB 0x000000008bb00000| Complete |  0
| 120|0x000000008bc00000, 0x000000008bd00000, 0x000000008bd00000|100%| E|CS|TAMS 0x000000008bc00000| PB 0x000000008bc00000| Complete |  0
| 121|0x000000008bd00000, 0x000000008be00000, 0x000000008be00000|100%| E|CS|TAMS 0x000000008bd00000| PB 0x000000008bd00000| Complete |  0
| 122|0x000000008be00000, 0x000000008bf00000, 0x000000008bf00000|100%| E|CS|TAMS 0x000000008be00000| PB 0x000000008be00000| Complete |  0
| 123|0x000000008bf00000, 0x000000008c000000, 0x000000008c000000|100%| E|CS|TAMS 0x000000008bf00000| PB 0x000000008bf00000| Complete |  0

Card table byte_map: [0x000001c574320000,0x000001c574700000] _byte_map_base: 0x000001c573efe000

Marking Bits: (CMBitMap*) 0x000001c56b2fc570
 Bits: [0x000001c574700000, 0x000001c5765f0000)

Polling page: 0x000001c5692a0000

Metaspace:

Usage:
  Non-class:     14.75 MB used.
      Class:      1.84 MB used.
       Both:     16.59 MB used.

Virtual space:
  Non-class space:       64.00 MB reserved,      14.88 MB ( 23%) committed,  1 nodes.
      Class space:        1.00 GB reserved,       1.94 MB ( <1%) committed,  1 nodes.
             Both:        1.06 GB reserved,      16.81 MB (  2%) committed. 

Chunk freelists:
   Non-Class:  1.00 MB
       Class:  14.01 MB
        Both:  15.01 MB

MaxMetaspaceSize: unlimited
CompressedClassSpaceSize: 1.00 GB
Initial GC threshold: 21.00 MB
Current GC threshold: 21.00 MB
CDS: on
 - commit_granule_bytes: 65536.
 - commit_granule_words: 8192.
 - virtual_space_node_default_size: 8388608.
 - enlarge_chunks_in_place: 1.
 - use_allocation_guard: 0.


Internal statistics:

num_allocs_failed_limit: 0.
num_arena_births: 182.
num_arena_deaths: 0.
num_vsnodes_births: 2.
num_vsnodes_deaths: 0.
num_space_committed: 269.
num_space_uncommitted: 0.
num_chunks_returned_to_freelist: 0.
num_chunks_taken_from_freelist: 376.
num_chunk_merges: 0.
num_chunk_splits: 237.
num_chunks_enlarged: 137.
num_inconsistent_stats: 0.

CodeHeap 'non-profiled nmethods': size=120064Kb used=956Kb max_used=956Kb free=119108Kb
 bounds [0x000001c507ac0000, 0x000001c507d30000, 0x000001c50f000000]
CodeHeap 'profiled nmethods': size=120000Kb used=4300Kb max_used=4300Kb free=115699Kb
 bounds [0x000001c500000000, 0x000001c500440000, 0x000001c507530000]
CodeHeap 'non-nmethods': size=5696Kb used=1694Kb max_used=1727Kb free=4001Kb
 bounds [0x000001c507530000, 0x000001c5077a0000, 0x000001c507ac0000]
CodeCache: size=245760Kb, used=6950Kb, max_used=6983Kb, free=238808Kb
 total_blobs=3646, nmethods=2894, adapters=657, full_count=0
Compilation: enabled, stopped_count=0, restarted_count=0

Compilation events (20 events):
Event: 41.057 Thread 0x000001c55402c800 2863       4       javax.swing.plaf.nimbus.NimbusStyle::validate (1151 bytes)
Event: 41.058 Thread 0x000001c55404ced0 2865       3       sun.java2d.pipe.ValidatePipe::scaleImage (41 bytes)
Event: 41.058 Thread 0x000001c55404ced0 nmethod 2865 0x000001c500420108 code [0x000001c500420280, 0x000001c5004207f0]
Event: 41.058 Thread 0x000001c55404ced0 2868       3       javax.swing.plaf.nimbus.ImageCache$PixelCountSoftReference::equals (42 bytes)
Event: 41.059 Thread 0x000001c55404ced0 nmethod 2868 0x000001c500420888 code [0x000001c5004209c0, 0x000001c500420bd8]
Event: 41.059 Thread 0x000001c55404ced0 2866       1       javax.swing.text.DefaultCaret::isSelectionVisible (5 bytes)
Event: 41.059 Thread 0x000001c55404ced0 nmethod 2866 0x000001c507bad488 code [0x000001c507bad5a0, 0x000001c507bad670]
Event: 41.059 Thread 0x000001c55404ced0 2867       1       javax.swing.text.DefaultCaret::isVisible (5 bytes)
Event: 41.059 Thread 0x000001c55404ced0 nmethod 2867 0x000001c507bad788 code [0x000001c507bad8a0, 0x000001c507bad970]
Event: 41.559 Thread 0x000001c55404ced0 2869       1       sun.java2d.SunGraphics2D::getStroke (5 bytes)
Event: 41.559 Thread 0x000001c55404ced0 nmethod 2869 0x000001c507bade08 code [0x000001c507badf20, 0x000001c507badff0]
Event: 41.559 Thread 0x000001c55404ced0 2870       1       sun.java2d.SunGraphics2D::getColor (5 bytes)
Event: 41.559 Thread 0x000001c55404ced0 nmethod 2870 0x000001c507bae108 code [0x000001c507bae220, 0x000001c507bae2f0]
Event: 41.559 Thread 0x000001c55404ced0 2872   !   3       java.awt.GraphicsConfiguration::createCompatibleVolatileImage (35 bytes)
Event: 41.559 Thread 0x000001c55404ced0 nmethod 2872 0x000001c500420c08 code [0x000001c500420d40, 0x000001c500420f80]
Event: 41.559 Thread 0x000001c55404ced0 2873   !   3       javax.swing.plaf.nimbus.ImageCache::setImage (397 bytes)
Event: 42.102 Thread 0x000001c55404ced0 nmethod 2873 0x000001c500421008 code [0x000001c5004214e0, 0x000001c500424720]
Event: 42.103 Thread 0x000001c55404ced0 2874       3       javax.swing.plaf.nimbus.TextFieldPainter::doPaint (94 bytes)
Event: 42.104 Thread 0x000001c55404ced0 nmethod 2874 0x000001c500424888 code [0x000001c500424ae0, 0x000001c5004254a0]
Event: 42.602 Thread 0x000001c55404ced0 2876       3       java.util.IdentityHashMap::keySet (25 bytes)

GC Heap History (2 events):
Event: 9.408 GC heap before
{Heap before GC invocations=0 (full 0):
 garbage-first heap   total reserved 2027520K, committed 126976K, used 26624K [0x0000000084400000, 0x0000000100000000)
  region size 1024K, 24 young (24576K), 0 survivors (0K)
 Metaspace       used 16450K, committed 16640K, reserved 1114112K
  class space    used 1877K, committed 1984K, reserved 1048576K
}
Event: 9.420 GC heap after
{Heap after GC invocations=1 (full 0):
 garbage-first heap   total reserved 2027520K, committed 126976K, used 7678K [0x0000000084400000, 0x0000000100000000)
  region size 1024K, 3 young (3072K), 3 survivors (3072K)
 Metaspace       used 16450K, committed 16640K, reserved 1114112K
  class space    used 1877K, committed 1984K, reserved 1048576K
}

Dll operation events (10 events):
Event: 0.023 Loaded shared library C:\Program Files\Java\jdk-23\bin\java.dll
Event: 0.094 Loaded shared library C:\Program Files\Java\jdk-23\bin\jsvml.dll
Event: 0.168 Loaded shared library C:\Program Files\Java\jdk-23\bin\net.dll
Event: 0.172 Loaded shared library C:\Program Files\Java\jdk-23\bin\nio.dll
Event: 0.236 Loaded shared library C:\Program Files\Java\jdk-23\bin\zip.dll
Event: 0.259 Loaded shared library C:\Program Files\Java\jdk-23\bin\jimage.dll
Event: 0.326 Loaded shared library C:\Program Files\Java\jdk-23\bin\awt.dll
Event: 0.746 Loaded shared library C:\Program Files\Java\jdk-23\bin\freetype.dll
Event: 0.750 Loaded shared library C:\Program Files\Java\jdk-23\bin\fontmanager.dll
Event: 2.197 Loaded shared library C:\Program Files\Java\jdk-23\bin\extnet.dll

Deoptimization events (20 events):
Event: 10.560 Thread 0x000001c5546ce300 DEOPT PACKING pc=0x000001c507b39fd8 sp=0x000000be170fd4b0
Event: 10.560 Thread 0x000001c5546ce300 DEOPT UNPACKING pc=0x000001c507584402 sp=0x000000be170fd370 mode 2
Event: 10.560 Thread 0x000001c5546ce300 Uncommon trap: trap_request=0xffffff45 fr.pc=0x000001c507b2dd5c relative=0x000000000000005c
Event: 10.560 Thread 0x000001c5546ce300 Uncommon trap: reason=unstable_if action=reinterpret pc=0x000001c507b2dd5c method=java.lang.ref.ReferenceQueue.headIsNull()Z @ 4 c2
Event: 10.560 Thread 0x000001c5546ce300 DEOPT PACKING pc=0x000001c507b2dd5c sp=0x000000be170fd440
Event: 10.560 Thread 0x000001c5546ce300 DEOPT UNPACKING pc=0x000001c507584402 sp=0x000000be170fd370 mode 2
Event: 14.480 Thread 0x000001c5546ce300 DEOPT PACKING pc=0x000001c500362a45 sp=0x000000be170fd970
Event: 14.481 Thread 0x000001c5546ce300 DEOPT UNPACKING pc=0x000001c507584b22 sp=0x000000be170fcdb0 mode 0
Event: 15.650 Thread 0x000001c5546ce300 DEOPT PACKING pc=0x000001c5002fab4b sp=0x000000be170fd6e0
Event: 15.650 Thread 0x000001c5546ce300 DEOPT UNPACKING pc=0x000001c507584b22 sp=0x000000be170fcac0 mode 0
Event: 16.041 Thread 0x000001c5546ce300 Uncommon trap: trap_request=0xffffff6e fr.pc=0x000001c507b81144 relative=0x0000000000002d04
Event: 16.041 Thread 0x000001c5546ce300 Uncommon trap: reason=loop_limit_check action=maybe_recompile pc=0x000001c507b81144 method=sun.java2d.marlin.Renderer._endRendering(II)V @ 1137 c2
Event: 16.041 Thread 0x000001c5546ce300 DEOPT PACKING pc=0x000001c507b81144 sp=0x000000be170fd7d0
Event: 16.041 Thread 0x000001c5546ce300 DEOPT UNPACKING pc=0x000001c507584402 sp=0x000000be170fd5c8 mode 2
Event: 21.107 Thread 0x000001c5546ce300 DEOPT PACKING pc=0x000001c5002e8145 sp=0x000000be170fd8b0
Event: 21.107 Thread 0x000001c5546ce300 DEOPT UNPACKING pc=0x000001c507584b22 sp=0x000000be170fcca8 mode 0
Event: 39.390 Thread 0x000001c5546ce300 DEOPT PACKING pc=0x000001c50029bbb0 sp=0x000000be170fd7b0
Event: 39.390 Thread 0x000001c5546ce300 DEOPT UNPACKING pc=0x000001c507584b22 sp=0x000000be170fcc90 mode 0
Event: 42.103 Thread 0x000001c5546ce300 DEOPT PACKING pc=0x000001c50009db3f sp=0x000000be170fdb10
Event: 42.103 Thread 0x000001c5546ce300 DEOPT UNPACKING pc=0x000001c507584b22 sp=0x000000be170fcf88 mode 0

Classes loaded (20 events):
Event: 10.566 Loading class javax/swing/text/GapContent$UndoPosRef
Event: 10.567 Loading class javax/swing/text/GapContent$UndoPosRef done
Event: 10.574 Loading class javax/swing/plaf/basic/BasicPopupMenuUI$MouseGrabber$2
Event: 10.574 Loading class javax/swing/plaf/basic/BasicPopupMenuUI$MouseGrabber$2 done
Event: 13.633 Loading class javax/swing/text/JTextComponent$InputMethodRequestsHandler
Event: 13.634 Loading class javax/swing/text/JTextComponent$InputMethodRequestsHandler done
Event: 15.834 Loading class sun/awt/DebugSettings
Event: 15.834 Loading class sun/awt/DebugSettings done
Event: 15.835 Loading class javax/swing/JComponent$KeyboardState
Event: 15.835 Loading class javax/swing/JComponent$KeyboardState done
Event: 15.835 Loading class javax/swing/JComponent$IntVector
Event: 15.835 Loading class javax/swing/JComponent$IntVector done
Event: 15.835 Loading class javax/swing/KeyboardManager
Event: 15.836 Loading class javax/swing/KeyboardManager done
Event: 16.034 Loading class javax/swing/JComponent$ActionStandin
Event: 16.035 Loading class javax/swing/JComponent$ActionStandin done
Event: 32.447 Loading class javax/swing/text/DefaultHighlighter$LayeredHighlightInfo
Event: 32.448 Loading class javax/swing/text/DefaultHighlighter$HighlightInfo
Event: 32.448 Loading class javax/swing/text/DefaultHighlighter$HighlightInfo done
Event: 32.448 Loading class javax/swing/text/DefaultHighlighter$LayeredHighlightInfo done

Classes unloaded (0 events):
No events

Classes redefined (0 events):
No events

Internal exceptions (20 events):
Event: 0.866 Thread 0x000001c568e8ea60 Exception <a 'java/lang/ClassNotFoundException'{0x000000008ba877a8}: javax/swing/JTreeCell> (0x000000008ba877a8) 
thrown [s\open\src\hotspot\share\classfile\systemDictionary.cpp, line 313]
Event: 0.866 Thread 0x000001c568e8ea60 Exception <a 'java/lang/ClassNotFoundException'{0x000000008ba87ab0}: TreeCell> (0x000000008ba87ab0) 
thrown [s\open\src\hotspot\share\classfile\systemDictionary.cpp, line 313]
Event: 0.867 Thread 0x000001c568e8ea60 Exception <a 'java/lang/ClassNotFoundException'{0x000000008ba88268}: RootPane> (0x000000008ba88268) 
thrown [s\open\src\hotspot\share\classfile\systemDictionary.cpp, line 313]
Event: 0.873 Thread 0x000001c568e8ea60 Exception <a 'java/lang/ClassNotFoundException'{0x000000008ba8b0c8}: com/sun/swing/internal/plaf/metal/resources/spi/metalProvider> (0x000000008ba8b0c8) 
thrown [s\open\src\hotspot\share\classfile\systemDictionary.cpp, line 313]
Event: 0.875 Thread 0x000001c568e8ea60 Exception <a 'java/lang/ClassNotFoundException'{0x000000008ba8edd8}: com/sun/swing/internal/plaf/basic/resources/spi/basicProvider> (0x000000008ba8edd8) 
thrown [s\open\src\hotspot\share\classfile\systemDictionary.cpp, line 313]
Event: 0.939 Thread 0x000001c5546ce300 Exception <a 'java/lang/ClassNotFoundException'{0x000000008b985330}: com/sun/swing/internal/plaf/synth/resources/spi/synthProvider> (0x000000008b985330) 
thrown [s\open\src\hotspot\share\classfile\systemDictionary.cpp, line 313]
Event: 1.045 Thread 0x000001c5546ce300 Exception <a 'java/lang/NoSuchMethodError'{0x000000008b9c8d08}: 'int java.lang.invoke.Invokers$Holder.invokeExact_MT(java.lang.Object, java.lang.Object)'> (0x000000008b9c8d08) 
thrown [s\open\src\hotspot\share\interpreter\linkResolver.cpp, line 796]
Event: 1.055 Thread 0x000001c5546ce300 Exception <a 'java/lang/NoSuchMethodError'{0x000000008b9d11e0}: 'java.lang.Object java.lang.invoke.DirectMethodHandle$Holder.newInvokeSpecial(java.lang.Object, java.lang.Object, int)'> (0x000000008b9d11e0) 
thrown [s\open\src\hotspot\share\interpreter\linkResolver.cpp, line 796]
Event: 1.059 Thread 0x000001c5546ce300 Exception <a 'java/lang/NoSuchMethodError'{0x000000008b9e5518}: 'java.lang.Object java.lang.invoke.DirectMethodHandle$Holder.invokeStatic(java.lang.Object, java.lang.Object, java.lang.Object, java.lang.Object, int)'> (0x000000008b9e5518) 
thrown [s\open\src\hotspot\share\interpreter\linkResolver.cpp, line 796]
Event: 1.062 Thread 0x000001c5546ce300 Exception <a 'java/lang/NoSuchMethodError'{0x000000008b9f0f10}: 'int java.lang.invoke.DirectMethodHandle$Holder.invokeSpecial(java.lang.Object, java.lang.Object, java.lang.Object)'> (0x000000008b9f0f10) 
thrown [s\open\src\hotspot\share\interpreter\linkResolver.cpp, line 796]
Event: 1.372 Thread 0x000001c5546ce300 Exception <a 'java/lang/NoSuchMethodError'{0x000000008b73c768}: 'void java.lang.invoke.DirectMethodHandle$Holder.invokeStatic(java.lang.Object, java.lang.Object)'> (0x000000008b73c768) 
thrown [s\open\src\hotspot\share\interpreter\linkResolver.cpp, line 796]
Event: 1.496 Thread 0x000001c5543f19e0 Exception <a 'java/lang/NoSuchMethodError'{0x000000008bb0e6a0}: 'void java.lang.invoke.DirectMethodHandle$Holder.invokeVirtual(java.lang.Object, java.lang.Object)'> (0x000000008bb0e6a0) 
thrown [s\open\src\hotspot\share\interpreter\linkResolver.cpp, line 796]
Event: 1.546 Thread 0x000001c5546ce300 Exception <a 'java/lang/NoSuchMethodError'{0x000000008b797918}: 'void java.lang.invoke.DirectMethodHandle$Holder.invokeStaticInit(java.lang.Object)'> (0x000000008b797918) 
thrown [s\open\src\hotspot\share\interpreter\linkResolver.cpp, line 796]
Event: 1.964 Thread 0x000001c5546ce300 Exception <a 'java/lang/NoSuchMethodError'{0x000000008b5af290}: 'java.lang.Object java.lang.invoke.DirectMethodHandle$Holder.invokeInterface(java.lang.Object, java.lang.Object)'> (0x000000008b5af290) 
thrown [s\open\src\hotspot\share\interpreter\linkResolver.cpp, line 796]
Event: 2.021 Thread 0x000001c5546ce300 Exception <a 'java/lang/NoSuchMethodError'{0x000000008b4413d8}: 'java.lang.Object java.lang.invoke.DirectMethodHandle$Holder.invokeVirtual(java.lang.Object, java.lang.Object, java.lang.Object)'> (0x000000008b4413d8) 
thrown [s\open\src\hotspot\share\interpreter\linkResolver.cpp, line 796]
Event: 8.145 Thread 0x000001c5546ce300 Implicit null exception at 0x000001c507b59a51 to 0x000001c507b59fd2
Event: 8.145 Thread 0x000001c5546ce300 Implicit null exception at 0x000001c507b59a51 to 0x000001c507b59fd2
Event: 8.145 Thread 0x000001c5546ce300 Implicit null exception at 0x000001c507b532e3 to 0x000001c507b539c0
Event: 8.145 Thread 0x000001c5546ce300 Implicit null exception at 0x000001c507b59a51 to 0x000001c507b59fd2
Event: 8.145 Thread 0x000001c5546ce300 Implicit null exception at 0x000001c507b532e3 to 0x000001c507b539c0

VM Operations (20 events):
Event: 1.225 Executing VM operation: HandshakeAllThreads (Deoptimize)
Event: 1.225 Executing VM operation: HandshakeAllThreads (Deoptimize) done
Event: 1.486 Executing VM operation: HandshakeAllThreads (Deoptimize)
Event: 1.486 Executing VM operation: HandshakeAllThreads (Deoptimize) done
Event: 1.507 Executing VM operation: HandshakeAllThreads (Deoptimize)
Event: 1.507 Executing VM operation: HandshakeAllThreads (Deoptimize) done
Event: 1.923 Executing VM operation: HandshakeAllThreads (Deoptimize)
Event: 1.923 Executing VM operation: HandshakeAllThreads (Deoptimize) done
Event: 2.435 Executing VM operation: HandshakeAllThreads (Deoptimize)
Event: 2.435 Executing VM operation: HandshakeAllThreads (Deoptimize) done
Event: 2.812 Executing VM operation: HandshakeAllThreads (Deoptimize)
Event: 2.812 Executing VM operation: HandshakeAllThreads (Deoptimize) done
Event: 2.821 Executing VM operation: HandshakeAllThreads (Deoptimize)
Event: 2.821 Executing VM operation: HandshakeAllThreads (Deoptimize) done
Event: 2.952 Executing VM operation: HandshakeAllThreads (Deoptimize)
Event: 2.952 Executing VM operation: HandshakeAllThreads (Deoptimize) done
Event: 3.008 Executing VM operation: HandshakeAllThreads (Deoptimize)
Event: 3.008 Executing VM operation: HandshakeAllThreads (Deoptimize) done
Event: 9.408 Executing VM operation: G1CollectForAllocation (G1 Evacuation Pause)
Event: 9.420 Executing VM operation: G1CollectForAllocation (G1 Evacuation Pause) done

Memory protections (0 events):
No events

Nmethod flushes (0 events):
No events

Events (20 events):
Event: 0.090 Thread 0x000001c568e8ea60 Thread added: 0x000001c57917d9d0
Event: 0.090 Thread 0x000001c568e8ea60 Thread added: 0x000001c57917e2c0
Event: 0.090 Thread 0x000001c568e8ea60 Thread added: 0x000001c55401aad0
Event: 0.090 Thread 0x000001c568e8ea60 Thread added: 0x000001c55401bcb0
Event: 0.090 Thread 0x000001c568e8ea60 Thread added: 0x000001c55402c800
Event: 0.090 Thread 0x000001c568e8ea60 Thread added: 0x000001c55404ced0
Event: 0.139 Thread 0x000001c568e8ea60 Thread added: 0x000001c554153740
Event: 0.223 Thread 0x000001c568e8ea60 Thread added: 0x000001c5541fa740
Event: 0.520 Thread 0x000001c568e8ea60 Thread added: 0x000001c554586fc0
Event: 0.523 Thread 0x000001c568e8ea60 Thread added: 0x000001c554588e50
Event: 0.525 Thread 0x000001c568e8ea60 Thread added: 0x000001c5543f19e0
Event: 0.905 Thread 0x000001c568e8ea60 Thread added: 0x000001c5546ce300
Event: 0.907 Thread 0x000001c568e8ea60 Thread exited: 0x000001c568e8ea60
Event: 0.907 Thread 0x000001c568e8ea60 Thread added: 0x000001c568e8ea60
Event: 1.891 Thread 0x000001c5546ce300 Thread added: 0x000001c554a086e0
Event: 1.995 Thread 0x000001c55404ced0 Thread added: 0x000001c554d0cb90
Event: 2.472 Thread 0x000001c554d0cb90 Thread exited: 0x000001c554d0cb90
Event: 2.719 Thread 0x000001c5546ce300 Thread added: 0x000001c556092270
Event: 7.593 Thread 0x000001c55402c800 Thread added: 0x000001c5546b1f00
Event: 7.880 Thread 0x000001c5546b1f00 Thread exited: 0x000001c5546b1f00


Dynamic libraries:
0x00007ff759660000 - 0x00007ff759670000 	C:\Program Files\Java\jdk-23\bin\java.exe
0x00007ff8f4f40000 - 0x00007ff8f51a7000 	C:\WINDOWS\SYSTEM32\ntdll.dll
0x00007ff8f4040000 - 0x00007ff8f4109000 	C:\WINDOWS\System32\KERNEL32.DLL
0x00007ff8f26d0000 - 0x00007ff8f2abf000 	C:\WINDOWS\System32\KERNELBASE.dll
0x00007ff8f24d0000 - 0x00007ff8f261b000 	C:\WINDOWS\System32\ucrtbase.dll
0x00007ff8bb300000 - 0x00007ff8bb317000 	C:\Program Files\Java\jdk-23\bin\jli.dll
0x00007ff8ec980000 - 0x00007ff8ec99b000 	C:\Program Files\Java\jdk-23\bin\VCRUNTIME140.dll
0x00007ff8f4140000 - 0x00007ff8f4305000 	C:\WINDOWS\System32\USER32.dll
0x00007ff8f2cb0000 - 0x00007ff8f2cd7000 	C:\WINDOWS\System32\win32u.dll
0x00007ff8f4110000 - 0x00007ff8f413b000 	C:\WINDOWS\System32\GDI32.dll
0x00007ff8f2b80000 - 0x00007ff8f2cac000 	C:\WINDOWS\System32\gdi32full.dll
0x00007ff8da210000 - 0x00007ff8da4a3000 	C:\WINDOWS\WinSxS\amd64_microsoft.windows.common-controls_6595b64144ccf1df_6.0.26100.7309_none_3e05feeae336a044\COMCTL32.dll
0x00007ff8f3060000 - 0x00007ff8f3109000 	C:\WINDOWS\System32\msvcrt.dll
0x00007ff8f2ad0000 - 0x00007ff8f2b73000 	C:\WINDOWS\System32\msvcp_win.dll
0x00007ff8f2ce0000 - 0x00007ff8f2d11000 	C:\WINDOWS\System32\IMM32.DLL
0x00007ff8e71c0000 - 0x00007ff8e71cc000 	C:\Program Files\Java\jdk-23\bin\vcruntime140_1.dll
0x00007ff8bb550000 - 0x00007ff8bb5de000 	C:\Program Files\Java\jdk-23\bin\msvcp140.dll
0x00007ff8840c0000 - 0x00007ff884e10000 	C:\Program Files\Java\jdk-23\bin\server\jvm.dll
0x00007ff8f3980000 - 0x00007ff8f3a34000 	C:\WINDOWS\System32\ADVAPI32.dll
0x00007ff8f4c60000 - 0x00007ff8f4d06000 	C:\WINDOWS\System32\sechost.dll
0x00007ff8f4ad0000 - 0x00007ff8f4be8000 	C:\WINDOWS\System32\RPCRT4.dll
0x00007ff8f4310000 - 0x00007ff8f4384000 	C:\WINDOWS\System32\WS2_32.dll
0x00007ff8f1ef0000 - 0x00007ff8f1f4e000 	C:\WINDOWS\SYSTEM32\POWRPROF.dll
0x00007ff8e7d50000 - 0x00007ff8e7d85000 	C:\WINDOWS\SYSTEM32\WINMM.dll
0x00007ff8dbb20000 - 0x00007ff8dbb2b000 	C:\WINDOWS\SYSTEM32\VERSION.dll
0x00007ff8f1ed0000 - 0x00007ff8f1ee4000 	C:\WINDOWS\SYSTEM32\UMPDC.dll
0x00007ff8f0e40000 - 0x00007ff8f0e5b000 	C:\WINDOWS\SYSTEM32\kernel.appcore.dll
0x00007ff8e7070000 - 0x00007ff8e707a000 	C:\Program Files\Java\jdk-23\bin\jimage.dll
0x00007ff8ef7a0000 - 0x00007ff8ef9e2000 	C:\WINDOWS\SYSTEM32\DBGHELP.DLL
0x00007ff8f3cb0000 - 0x00007ff8f4035000 	C:\WINDOWS\System32\combase.dll
0x00007ff8f3a40000 - 0x00007ff8f3b16000 	C:\WINDOWS\System32\OLEAUT32.dll
0x00007ff8dbb50000 - 0x00007ff8dbb8c000 	C:\WINDOWS\SYSTEM32\dbgcore.DLL
0x00007ff8f2620000 - 0x00007ff8f26c5000 	C:\WINDOWS\System32\bcryptPrimitives.dll
0x00007ff8e0380000 - 0x00007ff8e039e000 	C:\Program Files\Java\jdk-23\bin\java.dll
0x00007ff8f2d80000 - 0x00007ff8f2f17000 	C:\WINDOWS\System32\ole32.dll
0x00007ff8f3210000 - 0x00007ff8f3963000 	C:\WINDOWS\System32\SHELL32.dll
0x00007ff8f21e0000 - 0x00007ff8f234a000 	C:\WINDOWS\System32\wintypes.dll
0x00007ff8efc90000 - 0x00007ff8f04ee000 	C:\WINDOWS\SYSTEM32\windows.storage.dll
0x00007ff8f3110000 - 0x00007ff8f3205000 	C:\WINDOWS\System32\SHCORE.dll
0x00007ff8f4bf0000 - 0x00007ff8f4c56000 	C:\WINDOWS\System32\shlwapi.dll
0x00007ff8f1fb0000 - 0x00007ff8f1fd9000 	C:\WINDOWS\SYSTEM32\profapi.dll
0x00007ff8baee0000 - 0x00007ff8bafb7000 	C:\Program Files\Java\jdk-23\bin\jsvml.dll
0x00007ff8e0370000 - 0x00007ff8e0380000 	C:\Program Files\Java\jdk-23\bin\net.dll
0x00007ff8f13b0000 - 0x00007ff8f141b000 	C:\WINDOWS\system32\mswsock.dll
0x00007ff8d21b0000 - 0x00007ff8d21c6000 	C:\Program Files\Java\jdk-23\bin\nio.dll
0x00007ff8c59b0000 - 0x00007ff8c59c7000 	C:\Program Files\Java\jdk-23\bin\zip.dll
0x00007ff8b3c60000 - 0x00007ff8b3dee000 	C:\Program Files\Java\jdk-23\bin\awt.dll
0x00007ff8eea90000 - 0x00007ff8eeb2f000 	C:\WINDOWS\SYSTEM32\apphelp.dll
0x00007ff8eeca0000 - 0x00007ff8eed4b000 	C:\WINDOWS\system32\uxtheme.dll
0x00007ff8f3b20000 - 0x00007ff8f3c7e000 	C:\WINDOWS\System32\MSCTF.dll
0x00007ff8eef40000 - 0x00007ff8eef70000 	C:\WINDOWS\system32\DWMAPI.DLL
0x00007ff8bae50000 - 0x00007ff8baed7000 	C:\Program Files\Java\jdk-23\bin\freetype.dll
0x00007ff8b9930000 - 0x00007ff8b9a07000 	C:\Program Files\Java\jdk-23\bin\fontmanager.dll
0x00007ff86ee80000 - 0x00007ff86ef90000 	C:\WINDOWS\system32\opengl32.dll
0x00007ff86ee50000 - 0x00007ff86ee7d000 	C:\WINDOWS\SYSTEM32\GLU32.dll
0x00007ff8eef90000 - 0x00007ff8eefd4000 	C:\WINDOWS\SYSTEM32\dxcore.dll
0x00007ff8f2fa0000 - 0x00007ff8f3050000 	C:\WINDOWS\System32\clbcatq.dll
0x00007ff8ed300000 - 0x00007ff8ed530000 	C:\WINDOWS\SYSTEM32\WindowsCodecs.dll
0x00007ff8bc720000 - 0x00007ff8bc77a000 	C:\WINDOWS\system32\dataexchange.dll
0x00007ff8e00f0000 - 0x00007ff8e0334000 	C:\WINDOWS\system32\twinapi.appcore.dll
0x00007ff8f09c0000 - 0x00007ff8f0aec000 	C:\WINDOWS\SYSTEM32\DNSAPI.dll
0x00007ff8f0980000 - 0x00007ff8f09b4000 	C:\WINDOWS\SYSTEM32\IPHLPAPI.DLL
0x00007ff8f2d20000 - 0x00007ff8f2d2a000 	C:\WINDOWS\System32\NSI.dll
0x00007ff8e71e0000 - 0x00007ff8e71eb000 	C:\Windows\System32\rasadhlp.dll
0x00007ff8ec670000 - 0x00007ff8ec6f6000 	C:\WINDOWS\System32\fwpuclnt.dll
0x00007ff8cc2a0000 - 0x00007ff8cc2a9000 	C:\Program Files\Java\jdk-23\bin\extnet.dll
0x00007ff8cb340000 - 0x00007ff8cb488000 	C:\WINDOWS\SYSTEM32\textinputframework.dll
0x00007ff8ee6d0000 - 0x00007ff8ee7f7000 	C:\WINDOWS\SYSTEM32\CoreMessaging.dll
0x00007ff8e99b0000 - 0x00007ff8e9c92000 	C:\WINDOWS\SYSTEM32\CoreUIComponents.dll
0x00007ff8f1690000 - 0x00007ff8f169c000 	C:\WINDOWS\SYSTEM32\CRYPTBASE.DLL

dbghelp: loaded successfully - version: 4.0.5 - missing functions: none
symbol engine: initialized successfully - sym options: 0x614 - pdb path: .;C:\Program Files\Java\jdk-23\bin;C:\WINDOWS\SYSTEM32;C:\WINDOWS\WinSxS\amd64_microsoft.windows.common-controls_6595b64144ccf1df_6.0.26100.7309_none_3e05feeae336a044;C:\Program Files\Java\jdk-23\bin\server

VM Arguments:
jvm_args: -Dfile.encoding=UTF-8 --enable-preview --module-path=C:\Users\acer\OneDrive\Desktop\SEMESTER 3\PraktikumVisual\Project\build\classes 
java_command: Project.Gaji
java_class_path (initial): C:\Program Files\NetBeans-24\netbeans\java\modules\ext\AbsoluteLayout.jar;C:\Users\acer\OneDrive\Desktop\SEMESTER 3\PROGRAMAN VISUAL\mysql connector\mysql-connector-j-9.4.0.jar;C:\Users\acer\OneDrive\Desktop\SEMESTER 3\PraktikumVisual\Project\build\classes
Launcher Type: SUN_STANDARD

[Global flags]
     intx CICompilerCount                          = 4                                         {product} {ergonomic}
     uint ConcGCThreads                            = 3                                         {product} {ergonomic}
     uint G1ConcRefinementThreads                  = 10                                        {product} {ergonomic}
   size_t G1HeapRegionSize                         = 1048576                                   {product} {ergonomic}
   size_t InitialHeapSize                          = 130023424                                 {product} {ergonomic}
   size_t MarkStackSize                            = 4194304                                   {product} {ergonomic}
   size_t MarkStackSizeMax                         = 536870912                                 {product} {ergonomic}
   size_t MaxHeapSize                              = 2076180480                                {product} {ergonomic}
   size_t MaxNewSize                               = 1245708288                                {product} {ergonomic}
   size_t MinHeapDeltaBytes                        = 1048576                                   {product} {ergonomic}
   size_t MinHeapSize                              = 8388608                                   {product} {ergonomic}
    uintx NonNMethodCodeHeapSize                   = 5832704                                {pd product} {ergonomic}
    uintx NonProfiledCodeHeapSize                  = 122945536                              {pd product} {ergonomic}
    uintx ProfiledCodeHeapSize                     = 122880000                              {pd product} {ergonomic}
    uintx ReservedCodeCacheSize                    = 251658240                              {pd product} {ergonomic}
     bool SegmentedCodeCache                       = true                                      {product} {ergonomic}
   size_t SoftMaxHeapSize                          = 2076180480                             {manageable} {ergonomic}
     bool UseCompressedOops                        = true                           {product lp64_product} {ergonomic}
     bool UseG1GC                                  = true                                      {product} {ergonomic}
     bool UseLargePagesIndividualAllocation        = false                                  {pd product} {ergonomic}

Logging:
Log output configuration:
 #0: stdout all=warning uptime,level,tags foldmultilines=false
 #1: stderr all=off uptime,level,tags foldmultilines=false

Environment Variables:
PATH=C:\Program Files\Common Files\Oracle\Java\javapath;C:\Program Files\Python311\Scripts\;C:\Program Files\Python311\;C:\WINDOWS\system32;C:\WINDOWS;C:\WINDOWS\System32\Wbem;C:\WINDOWS\System32\WindowsPowerShell\v1.0\;C:\WINDOWS\System32\OpenSSH\;C:\Python311\;C:\MinGW\bin;C:\Program Files\dotnet\;C:\Program Files\Git\cmd;C:\Users\acer\AppData\Local\Microsoft\WindowsApps;C:\Users\acer\AppData\Local\Programs\Microsoft VS Code\bin;C:\Users\acer\Downloads\flutter;C:\Users\acer\OneDrive\Desktop\belajar flutter\flutter\bin;C:\Users\acer\AppData\Local\Android\Sdk\platform-tools;C:\src\flutter\bin;
USERNAME=iann
OS=Windows_NT
PROCESSOR_IDENTIFIER=Intel64 Family 6 Model 154 Stepping 4, GenuineIntel
TMP=C:\Users\acer\AppData\Local\Temp
TEMP=C:\Users\acer\AppData\Local\Temp




Periodic native trim disabled

---------------  S Y S T E M  ---------------

OS:
 Windows 11 , 64 bit Build 26100 (10.0.26100.7309)
OS uptime: 0 days 1:33 hours
Hyper-V role detected

CPU: total 12 (initial active 12) (6 cores per cpu, 2 threads per core) family 6 model 154 stepping 4 microcode 0x429, cx8, cmov, fxsr, ht, mmx, 3dnowpref, sse, sse2, sse3, ssse3, sse4.1, sse4.2, popcnt, lzcnt, tsc, tscinvbit, avx, avx2, aes, erms, clmul, bmi1, bmi2, adx, sha, fma, vzeroupper, clflush, clflushopt, clwb, hv, serialize, rdtscp, rdpid, fsrm, gfni, f16c, cet_ibt, cet_ss
Processor Information for processor 0
  Max Mhz: 1300, Current Mhz: 1300, Mhz Limit: 1300
Processor Information for processor 1
  Max Mhz: 1300, Current Mhz: 1300, Mhz Limit: 1300
Processor Information for processor 2
  Max Mhz: 1300, Current Mhz: 1300, Mhz Limit: 1300
Processor Information for processor 3
  Max Mhz: 1300, Current Mhz: 1300, Mhz Limit: 1300
Processor Information for processor 4
  Max Mhz: 1300, Current Mhz: 900, Mhz Limit: 897
Processor Information for processor 5
  Max Mhz: 1300, Current Mhz: 900, Mhz Limit: 897
Processor Information for processor 6
  Max Mhz: 1300, Current Mhz: 900, Mhz Limit: 897
Processor Information for processor 7
  Max Mhz: 1300, Current Mhz: 900, Mhz Limit: 897
Processor Information for processor 8
  Max Mhz: 1300, Current Mhz: 900, Mhz Limit: 897
Processor Information for processor 9
  Max Mhz: 1300, Current Mhz: 900, Mhz Limit: 897
Processor Information for processor 10
  Max Mhz: 1300, Current Mhz: 900, Mhz Limit: 897
Processor Information for processor 11
  Max Mhz: 1300, Current Mhz: 900, Mhz Limit: 897

Memory: 4k page, system-wide physical 7916M (534M free)
TotalPageFile size 16108M (AvailPageFile size 3M)
current process WorkingSet (physical memory assigned to process): 111M, peak: 122M
current process commit charge ("private bytes"): 255M, peak: 258M

vm_info: Java HotSpot(TM) 64-Bit Server VM (23.0.2+7-58) for windows-amd64 JRE (23.0.2+7-58), built on 2024-11-29T09:34:55Z with MS VC++ 17.6 (VS2022)

END.
